<?xml version="1.0" encoding="UTF-8"?>
<!-- Generated by org.testng.reporters.JUnitReportReporter -->
<testsuite hostname="Techno-311" failures="0" tests="13" name="io.mosip.testrig.apirig.testscripts.DeleteWithParam" time="6.786" errors="2" timestamp="18 Sept 2024 13:33:15 GMT" skipped="0">
  <testcase classname="io.mosip.testrig.apirig.testscripts.DeleteWithParam" name="Prereg_DeleteLostUinApplication_inValid_preRegistrationId_sid" time="0.361"/>
  <testcase classname="io.mosip.testrig.apirig.testscripts.DeleteWithParam" name="Prereg_DeletePreRegistration_All_Valid_Smoke_sid" time="0.562"/>
  <testcase classname="io.mosip.testrig.apirig.testscripts.DeleteWithParam" name="Prereg_DeleteBooking_All_Valid_Smoke_sid" time="0.406"/>
  <testcase classname="io.mosip.testrig.apirig.testscripts.DeleteWithParam" name="Prereg_DeletePreRegistration_inValid_preRegistrationId_sid" time="0.397"/>
  <testcase classname="io.mosip.testrig.apirig.testscripts.DeleteWithParam" name="Prereg_DeleteLostUinApplication_multiple_application_sid" time="0.622"/>
  <testcase classname="io.mosip.testrig.apirig.testscripts.DeleteWithParam" name="Prereg_DeletePreRegistration_InValid_preRegistrationId_sid" time="0.406"/>
  <testcase classname="io.mosip.testrig.apirig.testscripts.DeleteWithParam" name="Prereg_DeleteLostUinApplication_random_number_sid" time="0.376"/>
  <testcase classname="io.mosip.testrig.apirig.testscripts.DeleteWithParam" name="Prereg_DeleteSpecificDocForaPRID_All_Valid_Smoke_sid" time="0.723"/>
  <testcase classname="io.mosip.testrig.apirig.testscripts.DeleteWithParam" name="Prereg_DeleteLostUinApplication_after_its_deletion" time="0.549">
    <error message="Failed at output validation" type="io.mosip.testrig.apirig.utils.AdminTestException">
      <![CDATA[io.mosip.testrig.apirig.utils.AdminTestException: Failed at output validation
	at io.mosip.testrig.apirig.testscripts.DeleteWithParam.test(DeleteWithParam.java:114)
	at java.base/jdk.internal.reflect.DirectMethodHandleAccessor.invoke(DirectMethodHandleAccessor.java:103)
	at java.base/java.lang.reflect.Method.invoke(Method.java:580)
	at org.testng.internal.MethodInvocationHelper.invokeMethod(MethodInvocationHelper.java:108)
	at org.testng.internal.MethodInvocationHelper$1.runTestMethod(MethodInvocationHelper.java:209)
	at org.springframework.test.context.testng.AbstractTestNGSpringContextTests.run(AbstractTestNGSpringContextTests.java:154)
	at org.testng.internal.MethodInvocationHelper.invokeHookable(MethodInvocationHelper.java:221)
	at org.testng.internal.Invoker.invokeMethod(Invoker.java:657)
	at org.testng.internal.Invoker.invokeTestMethod(Invoker.java:869)
	at org.testng.internal.Invoker.invokeTestMethods(Invoker.java:1193)
	at org.testng.internal.TestMethodWorker.invokeTestMethods(TestMethodWorker.java:126)
	at org.testng.internal.TestMethodWorker.run(TestMethodWorker.java:109)
	at org.testng.TestRunner.privateRun(TestRunner.java:744)
	at org.testng.TestRunner.run(TestRunner.java:602)
	at org.testng.SuiteRunner.runTest(SuiteRunner.java:380)
	at org.testng.SuiteRunner.runSequentially(SuiteRunner.java:375)
	at org.testng.SuiteRunner.privateRun(SuiteRunner.java:340)
	at org.testng.SuiteRunner.run(SuiteRunner.java:289)
	at org.testng.SuiteRunnerWorker.runSuite(SuiteRunnerWorker.java:52)
	at org.testng.SuiteRunnerWorker.run(SuiteRunnerWorker.java:86)
	at org.testng.TestNG.runSuitesSequentially(TestNG.java:1301)
	at org.testng.TestNG.runSuitesLocally(TestNG.java:1226)
	at org.testng.TestNG.runSuites(TestNG.java:1144)
	at org.testng.TestNG.run(TestNG.java:1115)
	at io.mosip.testrig.apirig.testrunner.MosipTestRunner.startTestRunner(MosipTestRunner.java:145)
	at io.mosip.testrig.apirig.testrunner.MosipTestRunner.main(MosipTestRunner.java:89)
]]>
    </error>
  </testcase> <!-- Prereg_DeleteLostUinApplication_after_its_deletion -->
  <testcase classname="io.mosip.testrig.apirig.testscripts.DeleteWithParam" name="Prereg_DeletePreRegistration_inValid_documentId_sid" time="0.651"/>
  <testcase classname="io.mosip.testrig.apirig.testscripts.DeleteWithParam" name="Prereg_DeletePreRegistration_All_Valid_Smoke_sid" time="0.728">
    <error message="Failed at output validation" type="io.mosip.testrig.apirig.utils.AdminTestException">
      <![CDATA[io.mosip.testrig.apirig.utils.AdminTestException: Failed at output validation
	at io.mosip.testrig.apirig.testscripts.DeleteWithParam.test(DeleteWithParam.java:114)
	at java.base/jdk.internal.reflect.DirectMethodHandleAccessor.invoke(DirectMethodHandleAccessor.java:103)
	at java.base/java.lang.reflect.Method.invoke(Method.java:580)
	at org.testng.internal.MethodInvocationHelper.invokeMethod(MethodInvocationHelper.java:108)
	at org.testng.internal.MethodInvocationHelper$1.runTestMethod(MethodInvocationHelper.java:209)
	at org.springframework.test.context.testng.AbstractTestNGSpringContextTests.run(AbstractTestNGSpringContextTests.java:154)
	at org.testng.internal.MethodInvocationHelper.invokeHookable(MethodInvocationHelper.java:221)
	at org.testng.internal.Invoker.invokeMethod(Invoker.java:657)
	at org.testng.internal.Invoker.invokeTestMethod(Invoker.java:869)
	at org.testng.internal.Invoker.invokeTestMethods(Invoker.java:1193)
	at org.testng.internal.TestMethodWorker.invokeTestMethods(TestMethodWorker.java:126)
	at org.testng.internal.TestMethodWorker.run(TestMethodWorker.java:109)
	at org.testng.TestRunner.privateRun(TestRunner.java:744)
	at org.testng.TestRunner.run(TestRunner.java:602)
	at org.testng.SuiteRunner.runTest(SuiteRunner.java:380)
	at org.testng.SuiteRunner.runSequentially(SuiteRunner.java:375)
	at org.testng.SuiteRunner.privateRun(SuiteRunner.java:340)
	at org.testng.SuiteRunner.run(SuiteRunner.java:289)
	at org.testng.SuiteRunnerWorker.runSuite(SuiteRunnerWorker.java:52)
	at org.testng.SuiteRunnerWorker.run(SuiteRunnerWorker.java:86)
	at org.testng.TestNG.runSuitesSequentially(TestNG.java:1301)
	at org.testng.TestNG.runSuitesLocally(TestNG.java:1226)
	at org.testng.TestNG.runSuites(TestNG.java:1144)
	at org.testng.TestNG.run(TestNG.java:1115)
	at io.mosip.testrig.apirig.testrunner.MosipTestRunner.startTestRunner(MosipTestRunner.java:145)
	at io.mosip.testrig.apirig.testrunner.MosipTestRunner.main(MosipTestRunner.java:89)
]]>
    </error>
  </testcase> <!-- Prereg_DeletePreRegistration_All_Valid_Smoke_sid -->
  <testcase classname="io.mosip.testrig.apirig.testscripts.DeleteWithParam" name="Prereg_DeletePreRegistration_inValid_preRegistrationId_sid" time="0.403"/>
  <testcase classname="io.mosip.testrig.apirig.testscripts.DeleteWithParam" name="Prereg_DeleteLostUinApplication_All_Valid_Smoke_sid" time="0.602"/>
</testsuite> <!-- io.mosip.testrig.apirig.testscripts.DeleteWithParam -->
