<?xml version="1.0" encoding="UTF-8"?>
<!-- Generated by org.testng.reporters.JUnitReportReporter -->
<testsuite hostname="Techno-311" failures="0" tests="47" name="io.mosip.testrig.apirig.testscripts.PostWithFormPathParamAndFile" time="33.208" errors="0" timestamp="18 Sept 2024 13:33:15 GMT" skipped="0">
  <testcase classname="io.mosip.testrig.apirig.testscripts.PostWithFormPathParamAndFile" name="Prereg_UploadDocument_inValid_docTypCode_sid" time="0.629"/>
  <testcase classname="io.mosip.testrig.apirig.testscripts.PostWithFormPathParamAndFile" name="Prereg_UploadDocument_Valid_POR_Smoke_sid" time="0.695"/>
  <testcase classname="io.mosip.testrig.apirig.testscripts.PostWithFormPathParamAndFile" name="Prereg_UploadDocument_All_Valid_Smoke_POR_UpdateDocRefID_sid" time="0.672"/>
  <testcase classname="io.mosip.testrig.apirig.testscripts.PostWithFormPathParamAndFile" name="Prereg_UploadDocument_Invalid_doccatCode_sid" time="0.624"/>
  <testcase classname="io.mosip.testrig.apirig.testscripts.PostWithFormPathParamAndFile" name="Prereg_UploadDocument_All_Valid_Smoke_POR_BookByPRID_sid" time="0.564"/>
  <testcase classname="io.mosip.testrig.apirig.testscripts.PostWithFormPathParamAndFile" name="Prereg_UploadDocument_All_Valid_Smoke_BookByPRID_sid" time="0.961"/>
  <testcase classname="io.mosip.testrig.apirig.testscripts.PostWithFormPathParamAndFile" name="Prereg_UploadDocument_missing_langCode_sid" time="0.643"/>
  <testcase classname="io.mosip.testrig.apirig.testscripts.PostWithFormPathParamAndFile" name="Prereg_UploadDocument_Smoke_CancelApplicationsAppointment_POI_sid" time="0.687"/>
  <testcase classname="io.mosip.testrig.apirig.testscripts.PostWithFormPathParamAndFile" name="Prereg_UploadDocument_blank_docTypCode_sid" time="0.693"/>
  <testcase classname="io.mosip.testrig.apirig.testscripts.PostWithFormPathParamAndFile" name="Prereg_UploadDocument_All_Valid_Smoke_sid" time="1.135"/>
  <testcase classname="io.mosip.testrig.apirig.testscripts.PostWithFormPathParamAndFile" name="Prereg_UploadDocument_Smoke_cancellappointment_POR_sid" time="0.531"/>
  <testcase classname="io.mosip.testrig.apirig.testscripts.PostWithFormPathParamAndFile" name="Prereg_UploadDocument_All_Valid_Smoke_POB_cancell_pending_appoinment_prid_sid" time="0.526"/>
  <testcase classname="io.mosip.testrig.apirig.testscripts.PostWithFormPathParamAndFile" name="Prereg_UploadDocument_Valid_Smoke_POI_sid" time="0.711"/>
  <testcase classname="io.mosip.testrig.apirig.testscripts.PostWithFormPathParamAndFile" name="Prereg_UploadDocument_All_Valid_Smoke_POB_expired_sid" time="0.599"/>
  <testcase classname="io.mosip.testrig.apirig.testscripts.PostWithFormPathParamAndFile" name="Prereg_UploadDocument_All_Valid_Smoke_POR_sid" time="0.553"/>
  <testcase classname="io.mosip.testrig.apirig.testscripts.PostWithFormPathParamAndFile" name="Prereg_UploadDocument_All_Valid_Smoke_POB_BookByPRID_sid" time="0.617"/>
  <testcase classname="io.mosip.testrig.apirig.testscripts.PostWithFormPathParamAndFile" name="Prereg_UploadDocument_Smoke_CancelApplicationsAppointment_sid" time="0.913"/>
  <testcase classname="io.mosip.testrig.apirig.testscripts.PostWithFormPathParamAndFile" name="Prereg_UploadDocument_All_Valid_Smoke_POR_expired_sid" time="0.650"/>
  <testcase classname="io.mosip.testrig.apirig.testscripts.PostWithFormPathParamAndFile" name="Prereg_UploadDocument_blank_doccatCode_sid" time="0.639"/>
  <testcase classname="io.mosip.testrig.apirig.testscripts.PostWithFormPathParamAndFile" name="Prereg_UploadDocument_Smoke_cancellappointment_POI_sid" time="0.661"/>
  <testcase classname="io.mosip.testrig.apirig.testscripts.PostWithFormPathParamAndFile" name="Prereg_UploadDocument_All_Valid_Smoke_POB_sid" time="0.614"/>
  <testcase classname="io.mosip.testrig.apirig.testscripts.PostWithFormPathParamAndFile" name="Prereg_UploadDocument_Smoke_CancelApplicationsAppointment_POR_sid" time="0.678"/>
  <testcase classname="io.mosip.testrig.apirig.testscripts.PostWithFormPathParamAndFile" name="Prereg_UploadDocument_Invalid_langCode_sid" time="0.614"/>
  <testcase classname="io.mosip.testrig.apirig.testscripts.PostWithFormPathParamAndFile" name="Prereg_UploadDocument_All_Valid_Smoke_POR_cancell_pending_appoinment_prid_sid" time="0.610"/>
  <testcase classname="io.mosip.testrig.apirig.testscripts.PostWithFormPathParamAndFile" name="Prereg_UploadDocument_inValid_id_sid" time="0.622"/>
  <testcase classname="io.mosip.testrig.apirig.testscripts.PostWithFormPathParamAndFile" name="Prereg_UploadDocument_Smoke_CancelApplicationsAppointment_POB_sid" time="0.660"/>
  <testcase classname="io.mosip.testrig.apirig.testscripts.PostWithFormPathParamAndFile" name="Prereg_UploadDocument_Smoke_POB_alldel_sid" time="0.585"/>
  <testcase classname="io.mosip.testrig.apirig.testscripts.PostWithFormPathParamAndFile" name="Prereg_UploadDocument_All_Valid_Smoke_expiry_sid" time="0.772"/>
  <testcase classname="io.mosip.testrig.apirig.testscripts.PostWithFormPathParamAndFile" name="Prereg_UploadDocument_Valid_Smoke_sid" time="0.826"/>
  <testcase classname="io.mosip.testrig.apirig.testscripts.PostWithFormPathParamAndFile" name="Prereg_UploadDocument_All_Valid_Smoke_POI_BookByPRID_sid" time="1.050"/>
  <testcase classname="io.mosip.testrig.apirig.testscripts.PostWithFormPathParamAndFile" name="Prereg_UploadDocument_Smoke_alldel_sid" time="0.835"/>
  <testcase classname="io.mosip.testrig.apirig.testscripts.PostWithFormPathParamAndFile" name="Prereg_UploadDocument_Smoke_cancellappointment_sid" time="0.825"/>
  <testcase classname="io.mosip.testrig.apirig.testscripts.PostWithFormPathParamAndFile" name="Prereg_UploadDocument_All_Valid_Smoke_POI_cancell_pending_appoinment_prid_sid" time="0.754"/>
  <testcase classname="io.mosip.testrig.apirig.testscripts.PostWithFormPathParamAndFile" name="Prereg_UploadDocument_missing_docTypCode_sid" time="0.584"/>
  <testcase classname="io.mosip.testrig.apirig.testscripts.PostWithFormPathParamAndFile" name="Prereg_UploadDocument_Blank_id_sid" time="0.606"/>
  <testcase classname="io.mosip.testrig.apirig.testscripts.PostWithFormPathParamAndFile" name="Prereg_UploadDocument_All_Valid_Smoke_cancell_pending_appoinment_prid" time="0.845"/>
  <testcase classname="io.mosip.testrig.apirig.testscripts.PostWithFormPathParamAndFile" name="Prereg_UploadDocument_All_Valid_Smoke_POB_UpdateDocRefID_sid" time="0.590"/>
  <testcase classname="io.mosip.testrig.apirig.testscripts.PostWithFormPathParamAndFile" name="Prereg_UploadDocument_Smoke_POI_alldel_sid" time="0.789"/>
  <testcase classname="io.mosip.testrig.apirig.testscripts.PostWithFormPathParamAndFile" name="Prereg_UploadDocument_Rebook_the_booked_appoinment_Smoke_sid" time="0.988"/>
  <testcase classname="io.mosip.testrig.apirig.testscripts.PostWithFormPathParamAndFile" name="Prereg_UploadDocument_All_Valid_Smoke_UpdateDocRefID_sid" time="0.934"/>
  <testcase classname="io.mosip.testrig.apirig.testscripts.PostWithFormPathParamAndFile" name="Prereg_UploadDocument_Valid_POB_Smoke_sid" time="0.569"/>
  <testcase classname="io.mosip.testrig.apirig.testscripts.PostWithFormPathParamAndFile" name="Prereg_UploadDocument_missing_doccatCode_sid" time="0.627"/>
  <testcase classname="io.mosip.testrig.apirig.testscripts.PostWithFormPathParamAndFile" name="Prereg_UploadDocument_All_Valid_Smoke_POI_sid" time="0.820"/>
  <testcase classname="io.mosip.testrig.apirig.testscripts.PostWithFormPathParamAndFile" name="Prereg_UploadDocument_All_Valid_Smoke_POI_UpdateDocRefID_sid" time="0.810"/>
  <testcase classname="io.mosip.testrig.apirig.testscripts.PostWithFormPathParamAndFile" name="Prereg_UploadDocument_Smoke_POR_alldel_sid" time="0.619"/>
  <testcase classname="io.mosip.testrig.apirig.testscripts.PostWithFormPathParamAndFile" name="Prereg_UploadDocument_Smoke_cancellappointment_POB_sid" time="0.583"/>
  <testcase classname="io.mosip.testrig.apirig.testscripts.PostWithFormPathParamAndFile" name="Prereg_UploadDocument_All_Valid_Smoke_POI_expired_sid" time="0.696"/>
</testsuite> <!-- io.mosip.testrig.apirig.testscripts.PostWithFormPathParamAndFile -->
