<?xml version="1.0" encoding="UTF-8"?>
<!-- Generated by org.testng.reporters.JUnitReportReporter -->
<testsuite hostname="Techno-311" failures="0" tests="5" name="io.mosip.testrig.apirig.testscripts.GetWithParamForAutoGenId" time="1.864" errors="1" timestamp="18 Sept 2024 13:33:15 GMT" skipped="0">
  <testcase classname="io.mosip.testrig.apirig.testscripts.GetWithParamForAutoGenId" name="Prereg_GetAppointmentDetails_with_cancelled_appoinment" time="0.373"/>
  <testcase classname="io.mosip.testrig.apirig.testscripts.GetWithParamForAutoGenId" name="Prereg_GetAppointmentDetails_inValid_preRegistrationId" time="0.371"/>
  <testcase classname="io.mosip.testrig.apirig.testscripts.GetWithParamForAutoGenId" name="Prereg_GetAppointmentDetails_empty_space_preRegistrationId" time="0.350">
    <error message="Failed at output validation" type="io.mosip.testrig.apirig.utils.AdminTestException">
      <![CDATA[io.mosip.testrig.apirig.utils.AdminTestException: Failed at output validation
	at io.mosip.testrig.apirig.testscripts.GetWithParamForAutoGenId.test(GetWithParamForAutoGenId.java:123)
	at java.base/jdk.internal.reflect.DirectMethodHandleAccessor.invoke(DirectMethodHandleAccessor.java:103)
	at java.base/java.lang.reflect.Method.invoke(Method.java:580)
	at org.testng.internal.MethodInvocationHelper.invokeMethod(MethodInvocationHelper.java:108)
	at org.testng.internal.MethodInvocationHelper$1.runTestMethod(MethodInvocationHelper.java:209)
	at org.springframework.test.context.testng.AbstractTestNGSpringContextTests.run(AbstractTestNGSpringContextTests.java:154)
	at org.testng.internal.MethodInvocationHelper.invokeHookable(MethodInvocationHelper.java:221)
	at org.testng.internal.Invoker.invokeMethod(Invoker.java:657)
	at org.testng.internal.Invoker.invokeTestMethod(Invoker.java:869)
	at org.testng.internal.Invoker.invokeTestMethods(Invoker.java:1193)
	at org.testng.internal.TestMethodWorker.invokeTestMethods(TestMethodWorker.java:126)
	at org.testng.internal.TestMethodWorker.run(TestMethodWorker.java:109)
	at org.testng.TestRunner.privateRun(TestRunner.java:744)
	at org.testng.TestRunner.run(TestRunner.java:602)
	at org.testng.SuiteRunner.runTest(SuiteRunner.java:380)
	at org.testng.SuiteRunner.runSequentially(SuiteRunner.java:375)
	at org.testng.SuiteRunner.privateRun(SuiteRunner.java:340)
	at org.testng.SuiteRunner.run(SuiteRunner.java:289)
	at org.testng.SuiteRunnerWorker.runSuite(SuiteRunnerWorker.java:52)
	at org.testng.SuiteRunnerWorker.run(SuiteRunnerWorker.java:86)
	at org.testng.TestNG.runSuitesSequentially(TestNG.java:1301)
	at org.testng.TestNG.runSuitesLocally(TestNG.java:1226)
	at org.testng.TestNG.runSuites(TestNG.java:1144)
	at org.testng.TestNG.run(TestNG.java:1115)
	at io.mosip.testrig.apirig.testrunner.MosipTestRunner.startTestRunner(MosipTestRunner.java:145)
	at io.mosip.testrig.apirig.testrunner.MosipTestRunner.main(MosipTestRunner.java:89)
]]>
    </error>
  </testcase> <!-- Prereg_GetAppointmentDetails_empty_space_preRegistrationId -->
  <testcase classname="io.mosip.testrig.apirig.testscripts.GetWithParamForAutoGenId" name="Prereg_GetAppointmentDetails_BookByPRID_All_Valid_Smoke_sid" time="0.395"/>
  <testcase classname="io.mosip.testrig.apirig.testscripts.GetWithParamForAutoGenId" name="Prereg_GetAppointmentDetails_AllValid_Smoke_sid" time="0.375"/>
</testsuite> <!-- io.mosip.testrig.apirig.testscripts.GetWithParamForAutoGenId -->
