<?xml version="1.0" encoding="UTF-8"?>
<!-- Generated by org.testng.reporters.JUnitReportReporter -->
<testsuite hostname="Techno-311" failures="0" tests="23" name="io.mosip.testrig.apirig.testscripts.BookAppoinmentByPrid" time="273.008" errors="1" timestamp="18 Sept 2024 13:33:15 GMT" skipped="0">
  <testcase classname="io.mosip.testrig.apirig.testscripts.BookAppoinmentByPrid" name="Prereg_BookAppointmentByPRID_Invalid_registration_center_id" time="11.886"/>
  <testcase classname="io.mosip.testrig.apirig.testscripts.BookAppoinmentByPrid" name="Prereg_BookAppointmentByPRID_Invalid_appointment_date" time="11.802"/>
  <testcase classname="io.mosip.testrig.apirig.testscripts.BookAppoinmentByPrid" name="Prereg_BookAppointmentByPRID_blank_preRegistrationId" time="11.976">
    <error message="Failed at output validation" type="io.mosip.testrig.apirig.utils.AdminTestException">
      <![CDATA[io.mosip.testrig.apirig.utils.AdminTestException: Failed at output validation
	at io.mosip.testrig.apirig.testscripts.BookAppoinmentByPrid.test(BookAppoinmentByPrid.java:122)
	at java.base/jdk.internal.reflect.DirectMethodHandleAccessor.invoke(DirectMethodHandleAccessor.java:103)
	at java.base/java.lang.reflect.Method.invoke(Method.java:580)
	at org.testng.internal.MethodInvocationHelper.invokeMethod(MethodInvocationHelper.java:108)
	at org.testng.internal.MethodInvocationHelper$1.runTestMethod(MethodInvocationHelper.java:209)
	at org.springframework.test.context.testng.AbstractTestNGSpringContextTests.run(AbstractTestNGSpringContextTests.java:154)
	at org.testng.internal.MethodInvocationHelper.invokeHookable(MethodInvocationHelper.java:221)
	at org.testng.internal.Invoker.invokeMethod(Invoker.java:657)
	at org.testng.internal.Invoker.invokeTestMethod(Invoker.java:869)
	at org.testng.internal.Invoker.invokeTestMethods(Invoker.java:1193)
	at org.testng.internal.TestMethodWorker.invokeTestMethods(TestMethodWorker.java:126)
	at org.testng.internal.TestMethodWorker.run(TestMethodWorker.java:109)
	at org.testng.TestRunner.privateRun(TestRunner.java:744)
	at org.testng.TestRunner.run(TestRunner.java:602)
	at org.testng.SuiteRunner.runTest(SuiteRunner.java:380)
	at org.testng.SuiteRunner.runSequentially(SuiteRunner.java:375)
	at org.testng.SuiteRunner.privateRun(SuiteRunner.java:340)
	at org.testng.SuiteRunner.run(SuiteRunner.java:289)
	at org.testng.SuiteRunnerWorker.runSuite(SuiteRunnerWorker.java:52)
	at org.testng.SuiteRunnerWorker.run(SuiteRunnerWorker.java:86)
	at org.testng.TestNG.runSuitesSequentially(TestNG.java:1301)
	at org.testng.TestNG.runSuitesLocally(TestNG.java:1226)
	at org.testng.TestNG.runSuites(TestNG.java:1144)
	at org.testng.TestNG.run(TestNG.java:1115)
	at io.mosip.testrig.apirig.testrunner.MosipTestRunner.startTestRunner(MosipTestRunner.java:145)
	at io.mosip.testrig.apirig.testrunner.MosipTestRunner.main(MosipTestRunner.java:89)
]]>
    </error>
  </testcase> <!-- Prereg_BookAppointmentByPRID_blank_preRegistrationId -->
  <testcase classname="io.mosip.testrig.apirig.testscripts.BookAppoinmentByPrid" name="Prereg_BookAppointmentByPRID_missing_preRegistrationId" time="11.844"/>
  <testcase classname="io.mosip.testrig.apirig.testscripts.BookAppoinmentByPrid" name="Prereg_BookAppointmentByPRID_blank_time_slot_to" time="11.884"/>
  <testcase classname="io.mosip.testrig.apirig.testscripts.BookAppoinmentByPrid" name="Prereg_BookAppointmentByPRID_Blank_Id" time="11.782"/>
  <testcase classname="io.mosip.testrig.apirig.testscripts.BookAppoinmentByPrid" name="Prereg_BookAppointmentByPRID_All_Valid_Smoke" time="12.330"/>
  <testcase classname="io.mosip.testrig.apirig.testscripts.BookAppoinmentByPrid" name="Prereg_BookAppointmentByPRID_previous_requesttime" time="11.807"/>
  <testcase classname="io.mosip.testrig.apirig.testscripts.BookAppoinmentByPrid" name="Prereg_BookAppointmentByPRID_missing_requesttime" time="11.807"/>
  <testcase classname="io.mosip.testrig.apirig.testscripts.BookAppoinmentByPrid" name="Prereg_BookAppointmentByPRID_Invalid_requesttime" time="11.781"/>
  <testcase classname="io.mosip.testrig.apirig.testscripts.BookAppoinmentByPrid" name="Prereg_BookAppointmentByPRID_Missing_version" time="11.832"/>
  <testcase classname="io.mosip.testrig.apirig.testscripts.BookAppoinmentByPrid" name="Prereg_BookAppointmentByPRID_inValid_Id" time="11.742"/>
  <testcase classname="io.mosip.testrig.apirig.testscripts.BookAppoinmentByPrid" name="Prereg_BookAppointmentByPRID_Invalid_version" time="11.869"/>
  <testcase classname="io.mosip.testrig.apirig.testscripts.BookAppoinmentByPrid" name="Prereg_BookAppointmentByPRID_Missing_registration_center_id" time="11.870"/>
  <testcase classname="io.mosip.testrig.apirig.testscripts.BookAppoinmentByPrid" name="Prereg_BookAppointmentByPRID_Blank_requesttime" time="11.812"/>
  <testcase classname="io.mosip.testrig.apirig.testscripts.BookAppoinmentByPrid" name="Prereg_BookAppointmentByPRID_inValid_preRegistrationId" time="11.808"/>
  <testcase classname="io.mosip.testrig.apirig.testscripts.BookAppoinmentByPrid" name="Prereg_BookAppointmentByPRID_Missing_appointment_date" time="12.090"/>
  <testcase classname="io.mosip.testrig.apirig.testscripts.BookAppoinmentByPrid" name="Prereg_BookAppointmentByPRID_blank_time_slot_from" time="11.891"/>
  <testcase classname="io.mosip.testrig.apirig.testscripts.BookAppoinmentByPrid" name="Prereg_BookAppointmentByPRID_Blank_appointment_date" time="11.803"/>
  <testcase classname="io.mosip.testrig.apirig.testscripts.BookAppoinmentByPrid" name="Prereg_BookAppointmentByPRID_Missing_time_slot_from" time="11.852"/>
  <testcase classname="io.mosip.testrig.apirig.testscripts.BookAppoinmentByPrid" name="Prereg_BookAppointmentByPRID_Missing_time_slot_to" time="11.871"/>
  <testcase classname="io.mosip.testrig.apirig.testscripts.BookAppoinmentByPrid" name="Prereg_BookAppointmentByPRID_Blank_version" time="11.822"/>
  <testcase classname="io.mosip.testrig.apirig.testscripts.BookAppoinmentByPrid" name="Prereg_BookAppointmentByPRID_Blank_registration_center_id" time="11.847"/>
</testsuite> <!-- io.mosip.testrig.apirig.testscripts.BookAppoinmentByPrid -->
