<?xml version="1.0" encoding="UTF-8"?>
<!-- Generated by org.testng.reporters.JUnitReportReporter -->
<testsuite hostname="Techno-311" failures="0" tests="29" name="io.mosip.testrig.apirig.testscripts.BookAppoinment" time="344.637" errors="1" timestamp="18 Sept 2024 13:33:15 GMT" skipped="0">
  <testcase classname="io.mosip.testrig.apirig.testscripts.BookAppoinment" name="Prereg_BookAppointment_Blank_time_slot_from" time="11.752"/>
  <testcase classname="io.mosip.testrig.apirig.testscripts.BookAppoinment" name="Prereg_BookAppointment_Invalid_time_slot_to" time="11.790"/>
  <testcase classname="io.mosip.testrig.apirig.testscripts.BookAppoinment" name="Prereg_BookAppointment_inValid_preRegistrationId" time="11.804"/>
  <testcase classname="io.mosip.testrig.apirig.testscripts.BookAppoinment" name="Prereg_BookAppointment_CA_Smoke" time="12.300"/>
  <testcase classname="io.mosip.testrig.apirig.testscripts.BookAppoinment" name="Prereg_BookAppointment_Missing_time_slot_to" time="11.801"/>
  <testcase classname="io.mosip.testrig.apirig.testscripts.BookAppoinment" name="Prereg_BookAppointment_Blank_Id" time="11.790"/>
  <testcase classname="io.mosip.testrig.apirig.testscripts.BookAppoinment" name="Prereg_BookAppointment_previous_date" time="11.791"/>
  <testcase classname="io.mosip.testrig.apirig.testscripts.BookAppoinment" name="Prereg_BookAppointment_missing_time_slot_from" time="11.813"/>
  <testcase classname="io.mosip.testrig.apirig.testscripts.BookAppoinment" name="Prereg_BookAppointment_Blank_registration_center_id" time="11.798"/>
  <testcase classname="io.mosip.testrig.apirig.testscripts.BookAppoinment" name="Prereg_BookAppointment_CancelApplicationsAppointment_Smoke" time="12.219"/>
  <testcase classname="io.mosip.testrig.apirig.testscripts.BookAppoinment" name="Prereg_BookAppointment_All_Valid_Smoke" time="13.202"/>
  <testcase classname="io.mosip.testrig.apirig.testscripts.BookAppoinment" name="Prereg_BookAppointment_Missing_appointment_date" time="12.043"/>
  <testcase classname="io.mosip.testrig.apirig.testscripts.BookAppoinment" name="Prereg_BookAppointment_with_All_InValid_data" time="11.868"/>
  <testcase classname="io.mosip.testrig.apirig.testscripts.BookAppoinment" name="Prereg_BookAppointment_Invalid_version" time="11.732"/>
  <testcase classname="io.mosip.testrig.apirig.testscripts.BookAppoinment" name="Prereg_BookAppointment_Blank_requesttime" time="11.784"/>
  <testcase classname="io.mosip.testrig.apirig.testscripts.BookAppoinment" name="Prereg_BookAppointment_Blank_version" time="11.771"/>
  <testcase classname="io.mosip.testrig.apirig.testscripts.BookAppoinment" name="Prereg_BookAppointment_Missing_version" time="11.778"/>
  <testcase classname="io.mosip.testrig.apirig.testscripts.BookAppoinment" name="Prereg_BookAppointment_On_holiday" time="11.919"/>
  <testcase classname="io.mosip.testrig.apirig.testscripts.BookAppoinment" name="Prereg_BookAppointment_Blank_appointment_date" time="11.775"/>
  <testcase classname="io.mosip.testrig.apirig.testscripts.BookAppoinment" name="Prereg_BookAppointment_Invalid_appointment_date" time="11.881"/>
  <testcase classname="io.mosip.testrig.apirig.testscripts.BookAppoinment" name="Prereg_BookAppointment_blank_preRegistrationId" time="11.741">
    <error message="Failed at output validation" type="io.mosip.testrig.apirig.utils.AdminTestException">
      <![CDATA[io.mosip.testrig.apirig.utils.AdminTestException: Failed at output validation
	at io.mosip.testrig.apirig.testscripts.BookAppoinment.test(BookAppoinment.java:148)
	at java.base/jdk.internal.reflect.DirectMethodHandleAccessor.invoke(DirectMethodHandleAccessor.java:103)
	at java.base/java.lang.reflect.Method.invoke(Method.java:580)
	at org.testng.internal.MethodInvocationHelper.invokeMethod(MethodInvocationHelper.java:108)
	at org.testng.internal.MethodInvocationHelper$1.runTestMethod(MethodInvocationHelper.java:209)
	at org.springframework.test.context.testng.AbstractTestNGSpringContextTests.run(AbstractTestNGSpringContextTests.java:154)
	at org.testng.internal.MethodInvocationHelper.invokeHookable(MethodInvocationHelper.java:221)
	at org.testng.internal.Invoker.invokeMethod(Invoker.java:657)
	at org.testng.internal.Invoker.invokeTestMethod(Invoker.java:869)
	at org.testng.internal.Invoker.invokeTestMethods(Invoker.java:1193)
	at org.testng.internal.TestMethodWorker.invokeTestMethods(TestMethodWorker.java:126)
	at org.testng.internal.TestMethodWorker.run(TestMethodWorker.java:109)
	at org.testng.TestRunner.privateRun(TestRunner.java:744)
	at org.testng.TestRunner.run(TestRunner.java:602)
	at org.testng.SuiteRunner.runTest(SuiteRunner.java:380)
	at org.testng.SuiteRunner.runSequentially(SuiteRunner.java:375)
	at org.testng.SuiteRunner.privateRun(SuiteRunner.java:340)
	at org.testng.SuiteRunner.run(SuiteRunner.java:289)
	at org.testng.SuiteRunnerWorker.runSuite(SuiteRunnerWorker.java:52)
	at org.testng.SuiteRunnerWorker.run(SuiteRunnerWorker.java:86)
	at org.testng.TestNG.runSuitesSequentially(TestNG.java:1301)
	at org.testng.TestNG.runSuitesLocally(TestNG.java:1226)
	at org.testng.TestNG.runSuites(TestNG.java:1144)
	at org.testng.TestNG.run(TestNG.java:1115)
	at io.mosip.testrig.apirig.testrunner.MosipTestRunner.startTestRunner(MosipTestRunner.java:145)
	at io.mosip.testrig.apirig.testrunner.MosipTestRunner.main(MosipTestRunner.java:89)
]]>
    </error>
  </testcase> <!-- Prereg_BookAppointment_blank_preRegistrationId -->
  <testcase classname="io.mosip.testrig.apirig.testscripts.BookAppoinment" name="Prereg_BookAppointment_Invalid_Id" time="11.779"/>
  <testcase classname="io.mosip.testrig.apirig.testscripts.BookAppoinment" name="Prereg_BookAppointment_Missing_registration_center_id" time="11.807"/>
  <testcase classname="io.mosip.testrig.apirig.testscripts.BookAppoinment" name="Prereg_BookAppointment_Invalid_registration_center_id" time="11.880"/>
  <testcase classname="io.mosip.testrig.apirig.testscripts.BookAppoinment" name="Prereg_BookAppointment_missing_requesttime" time="11.702"/>
  <testcase classname="io.mosip.testrig.apirig.testscripts.BookAppoinment" name="Prereg_BookAppointment_with_expired_status" time="11.776"/>
  <testcase classname="io.mosip.testrig.apirig.testscripts.BookAppoinment" name="Prereg_BookAppointment_Blank_time_slot_to" time="11.738"/>
  <testcase classname="io.mosip.testrig.apirig.testscripts.BookAppoinment" name="Prereg_BookAppointment_Invalid_requesttime" time="11.783"/>
  <testcase classname="io.mosip.testrig.apirig.testscripts.BookAppoinment" name="Prereg_BookAppointment_Invalid_time_slot_from" time="11.820"/>
</testsuite> <!-- io.mosip.testrig.apirig.testscripts.BookAppoinment -->
