<?xml version="1.0" encoding="UTF-8"?>
<!-- Generated by org.testng.reporters.JUnitReportReporter -->
<testsuite hostname="Techno-311" failures="0" tests="15" name="io.mosip.testrig.apirig.testscripts.UpdatePrereg" time="20.774" errors="0" timestamp="18 Sept 2024 13:33:15 GMT" skipped="0">
  <testcase classname="io.mosip.testrig.apirig.testscripts.UpdatePrereg" name="Prereg_UpdatePrereg_All_Valid_Smoke_sid" time="13.027"/>
  <testcase classname="io.mosip.testrig.apirig.testscripts.UpdatePrereg" name="Prereg_UpdatePrereg_missing_Version_sid" time="0.492"/>
  <testcase classname="io.mosip.testrig.apirig.testscripts.UpdatePrereg" name="Prereg_UpdatePrereg_previous_date_sid" time="0.403"/>
  <testcase classname="io.mosip.testrig.apirig.testscripts.UpdatePrereg" name="Prereg_UpdatePrereg_INVALID_requesttime_sid" time="0.408"/>
  <testcase classname="io.mosip.testrig.apirig.testscripts.UpdatePrereg" name="Prereg_UpdatePrereg_inValid_dateOfBirth_sid" time="0.674"/>
  <testcase classname="io.mosip.testrig.apirig.testscripts.UpdatePrereg" name="Prereg_UpdatePrereg_invalid_id_sid" time="0.404"/>
  <testcase classname="io.mosip.testrig.apirig.testscripts.UpdatePrereg" name="Prereg_UpdatePrereg_update_date_without_Status_change_sid" time="0.728"/>
  <testcase classname="io.mosip.testrig.apirig.testscripts.UpdatePrereg" name="Prereg_UpdatePrereg_Missing_requesttime_sid" time="0.412"/>
  <testcase classname="io.mosip.testrig.apirig.testscripts.UpdatePrereg" name="Prereg_UpdatePrereg_invalid_Version_sid" time="0.464"/>
  <testcase classname="io.mosip.testrig.apirig.testscripts.UpdatePrereg" name="Prereg_UpdatePrereg_INVALID_langCode_sid" time="0.674"/>
  <testcase classname="io.mosip.testrig.apirig.testscripts.UpdatePrereg" name="Prereg_UpdatePrereg_invalid_email_sid" time="0.692"/>
  <testcase classname="io.mosip.testrig.apirig.testscripts.UpdatePrereg" name="Prereg_UpdatePrereg_missing_langCode_sid" time="0.670"/>
  <testcase classname="io.mosip.testrig.apirig.testscripts.UpdatePrereg" name="Prereg_UpdatePrereg_blank_id_sid" time="0.410"/>
  <testcase classname="io.mosip.testrig.apirig.testscripts.UpdatePrereg" name="Prereg_UpdatePrereg_missing_id_sid" time="0.410"/>
  <testcase classname="io.mosip.testrig.apirig.testscripts.UpdatePrereg" name="Prereg_UpdatePrereg_All_Valid_Smoke_BookByPRID_sid" time="0.906"/>
</testsuite> <!-- io.mosip.testrig.apirig.testscripts.UpdatePrereg -->
