<?xml version="1.0" encoding="UTF-8"?>
<!-- Generated by org.testng.reporters.JUnitReportReporter -->
<testsuite hostname="Techno-311" failures="0" tests="26" name="io.mosip.testrig.apirig.testscripts.PutWithPathParam" time="12.385" errors="0" timestamp="18 Sept 2024 13:33:15 GMT" skipped="0">
  <testcase classname="io.mosip.testrig.apirig.testscripts.PutWithPathParam" name="Prereg_CancelApplicationsAppointment_All_Valid_Smoke_sid" time="0.432"/>
  <testcase classname="io.mosip.testrig.apirig.testscripts.PutWithPathParam" name="Prereg_CancelAppointment_inValid_preRegistrationId_sid" time="0.384"/>
  <testcase classname="io.mosip.testrig.apirig.testscripts.PutWithPathParam" name="Prereg_UpdatePreRegStatus_Valid_Smoke_sid" time="0.599"/>
  <testcase classname="io.mosip.testrig.apirig.testscripts.PutWithPathParam" name="Prereg_UpdateDocRefID_All_SpatialCharacter_RefNum_Neg" time="0.383"/>
  <testcase classname="io.mosip.testrig.apirig.testscripts.PutWithPathParam" name="Prereg_UpdateDocRefID_All_Valid_Smoke_POI_sid" time="0.371"/>
  <testcase classname="io.mosip.testrig.apirig.testscripts.PutWithPathParam" name="Prereg_CopyDocument_Invalid_preRegistrationId_sid" time="0.377"/>
  <testcase classname="io.mosip.testrig.apirig.testscripts.PutWithPathParam" name="Prereg_UpdateDocRefID_inValid_documentId" time="0.389"/>
  <testcase classname="io.mosip.testrig.apirig.testscripts.PutWithPathParam" name="Prereg_CancelAppointment_All_Valid_Smoke_sid" time="0.434"/>
  <testcase classname="io.mosip.testrig.apirig.testscripts.PutWithPathParam" name="Prereg_CopyDocument_in_Valid_doc_cat_code_sid" time="0.391"/>
  <testcase classname="io.mosip.testrig.apirig.testscripts.PutWithPathParam" name="Prereg_CancelAppointment_cancell_incomplete_appoinment" time="0.374"/>
  <testcase classname="io.mosip.testrig.apirig.testscripts.PutWithPathParam" name="Prereg_UpdatePreRegStatus_All_Valid_Smoke_BookByPRID_sid" time="0.545"/>
  <testcase classname="io.mosip.testrig.apirig.testscripts.PutWithPathParam" name="Prereg_UpdatePreRegStatus_All_Valid_Smoke_sid" time="0.618"/>
  <testcase classname="io.mosip.testrig.apirig.testscripts.PutWithPathParam" name="Prereg_UpdateDocRefID_Exceeding_Limit_RefNum_Neg" time="0.363"/>
  <testcase classname="io.mosip.testrig.apirig.testscripts.PutWithPathParam" name="Prereg_CancelApplicationsAppointment_inValid_preRegistrationId_sid" time="0.396"/>
  <testcase classname="io.mosip.testrig.apirig.testscripts.PutWithPathParam" name="Prereg_UpdatePreRegStatus_without_update_prereg_status_sid" time="0.589"/>
  <testcase classname="io.mosip.testrig.apirig.testscripts.PutWithPathParam" name="Prereg_UpdateDocRefID_All_Valid_Smoke_POB_sid" time="0.378"/>
  <testcase classname="io.mosip.testrig.apirig.testscripts.PutWithPathParam" name="Prereg_CancelAppointment_with_already_cancelled_appoinment" time="0.430"/>
  <testcase classname="io.mosip.testrig.apirig.testscripts.PutWithPathParam" name="Prereg_CopyDocument_blank_doc_cat_code_sid" time="0.377"/>
  <testcase classname="io.mosip.testrig.apirig.testscripts.PutWithPathParam" name="Prereg_UpdatePreRegStatus_CA_Valid_Smoke_sid" time="0.642"/>
  <testcase classname="io.mosip.testrig.apirig.testscripts.PutWithPathParam" name="Prereg_UpdatePreRegStatus_for_expired_testcase_sid" time="0.593"/>
  <testcase classname="io.mosip.testrig.apirig.testscripts.PutWithPathParam" name="Prereg_CopyDocument_All_Valid_Smoke_sid" time="0.708"/>
  <testcase classname="io.mosip.testrig.apirig.testscripts.PutWithPathParam" name="Prereg_UpdatePreRegStatus_Smoke_alldel_sid" time="0.540"/>
  <testcase classname="io.mosip.testrig.apirig.testscripts.PutWithPathParam" name="Prereg_UpdatePreRegStatus_Smoke_CancelApplicationsAppointment_sid" time="0.711"/>
  <testcase classname="io.mosip.testrig.apirig.testscripts.PutWithPathParam" name="Prereg_UpdateDocRefID_All_Valid_Smoke_POA_sid" time="0.403"/>
  <testcase classname="io.mosip.testrig.apirig.testscripts.PutWithPathParam" name="Prereg_UpdateDocRefID_All_Valid_Smoke_POR_sid" time="0.367"/>
  <testcase classname="io.mosip.testrig.apirig.testscripts.PutWithPathParam" name="Prereg_UpdatePreRegStatus_Smoke_CancellAppointment_sid" time="0.591"/>
</testsuite> <!-- io.mosip.testrig.apirig.testscripts.PutWithPathParam -->
