<?xml version="1.0" encoding="UTF-8"?>
<!-- Generated by org.testng.reporters.JUnitReportReporter -->
<testsuite hostname="Techno-311" failures="0" tests="34" name="io.mosip.testrig.apirig.testscripts.GetWithParam" time="17.315" errors="5" timestamp="18 Sept 2024 13:33:15 GMT" skipped="0">
  <testcase classname="io.mosip.testrig.apirig.testscripts.GetWithParam" name="Prereg_GetSpecificDocumentforaPRID_All_Valid_Smoke_sid" time="1.113"/>
  <testcase classname="io.mosip.testrig.apirig.testscripts.GetWithParam" name="Prereg_GetAvailableSlotForRegCentreId_Valid_Smoke_sid" time="0.477"/>
  <testcase classname="io.mosip.testrig.apirig.testscripts.GetWithParam" name="Prereg_GetApplicationWithPrId_inValid_preRegistrationId" time="0.435"/>
  <testcase classname="io.mosip.testrig.apirig.testscripts.GetWithParam" name="Prereg_GetAllPreRegApplications_All_Valid_Smoke_sid" time="1.023"/>
  <testcase classname="io.mosip.testrig.apirig.testscripts.GetWithParam" name="Prereg_GetAllPreRegApplications_DELETE_UIN_APPLICATION_sid" time="0.890"/>
  <testcase classname="io.mosip.testrig.apirig.testscripts.GetWithParam" name="Prereg_GetAllApplicationsWithapplicationId_with_expired" time="0.353"/>
  <testcase classname="io.mosip.testrig.apirig.testscripts.GetWithParam" name="Prereg_GetAvailableSlotForRegCentreId_inValid_registrationCenterId_sid" time="0.384"/>
  <testcase classname="io.mosip.testrig.apirig.testscripts.GetWithParam" name="Prereg_FetchAppointmentDetailsByPrid_inValid_preRegistrationId_sid" time="0.366"/>
  <testcase classname="io.mosip.testrig.apirig.testscripts.GetWithParam" name="Prereg_GetBookingsForRegCenter_with_InValid_regcenter" time="0.361">
    <error message="Failed at output validation" type="io.mosip.testrig.apirig.utils.AdminTestException">
      <![CDATA[io.mosip.testrig.apirig.utils.AdminTestException: Failed at output validation
	at io.mosip.testrig.apirig.testscripts.GetWithParam.test(GetWithParam.java:122)
	at java.base/jdk.internal.reflect.DirectMethodHandleAccessor.invoke(DirectMethodHandleAccessor.java:103)
	at java.base/java.lang.reflect.Method.invoke(Method.java:580)
	at org.testng.internal.MethodInvocationHelper.invokeMethod(MethodInvocationHelper.java:108)
	at org.testng.internal.MethodInvocationHelper$1.runTestMethod(MethodInvocationHelper.java:209)
	at org.springframework.test.context.testng.AbstractTestNGSpringContextTests.run(AbstractTestNGSpringContextTests.java:154)
	at org.testng.internal.MethodInvocationHelper.invokeHookable(MethodInvocationHelper.java:221)
	at org.testng.internal.Invoker.invokeMethod(Invoker.java:657)
	at org.testng.internal.Invoker.invokeTestMethod(Invoker.java:869)
	at org.testng.internal.Invoker.invokeTestMethods(Invoker.java:1193)
	at org.testng.internal.TestMethodWorker.invokeTestMethods(TestMethodWorker.java:126)
	at org.testng.internal.TestMethodWorker.run(TestMethodWorker.java:109)
	at org.testng.TestRunner.privateRun(TestRunner.java:744)
	at org.testng.TestRunner.run(TestRunner.java:602)
	at org.testng.SuiteRunner.runTest(SuiteRunner.java:380)
	at org.testng.SuiteRunner.runSequentially(SuiteRunner.java:375)
	at org.testng.SuiteRunner.privateRun(SuiteRunner.java:340)
	at org.testng.SuiteRunner.run(SuiteRunner.java:289)
	at org.testng.SuiteRunnerWorker.runSuite(SuiteRunnerWorker.java:52)
	at org.testng.SuiteRunnerWorker.run(SuiteRunnerWorker.java:86)
	at org.testng.TestNG.runSuitesSequentially(TestNG.java:1301)
	at org.testng.TestNG.runSuitesLocally(TestNG.java:1226)
	at org.testng.TestNG.runSuites(TestNG.java:1144)
	at org.testng.TestNG.run(TestNG.java:1115)
	at io.mosip.testrig.apirig.testrunner.MosipTestRunner.startTestRunner(MosipTestRunner.java:145)
	at io.mosip.testrig.apirig.testrunner.MosipTestRunner.main(MosipTestRunner.java:89)
]]>
    </error>
  </testcase> <!-- Prereg_GetBookingsForRegCenter_with_InValid_regcenter -->
  <testcase classname="io.mosip.testrig.apirig.testscripts.GetWithParam" name="Prereg_GetApplicationStatusWithPrId_All_Valid_Smoke_sid" time="0.409"/>
  <testcase classname="io.mosip.testrig.apirig.testscripts.GetWithParam" name="Prereg_GetAllApplications_InValid" time="0.357"/>
  <testcase classname="io.mosip.testrig.apirig.testscripts.GetWithParam" name="Prereg_GetAllPreRegApplications_LOST_UIN_APPLICATION_sid" time="0.860"/>
  <testcase classname="io.mosip.testrig.apirig.testscripts.GetWithParam" name="Prereg_GetPRIDForRegCent_All_Valid_Smoke_sid" time="0.361"/>
  <testcase classname="io.mosip.testrig.apirig.testscripts.GetWithParam" name="Prereg_GetApplicationStatusWithPrId_Blank_PRID_sid" time="0.407">
    <error message="Failed at output validation" type="io.mosip.testrig.apirig.utils.AdminTestException">
      <![CDATA[io.mosip.testrig.apirig.utils.AdminTestException: Failed at output validation
	at io.mosip.testrig.apirig.testscripts.GetWithParam.test(GetWithParam.java:122)
	at java.base/jdk.internal.reflect.DirectMethodHandleAccessor.invoke(DirectMethodHandleAccessor.java:103)
	at java.base/java.lang.reflect.Method.invoke(Method.java:580)
	at org.testng.internal.MethodInvocationHelper.invokeMethod(MethodInvocationHelper.java:108)
	at org.testng.internal.MethodInvocationHelper$1.runTestMethod(MethodInvocationHelper.java:209)
	at org.springframework.test.context.testng.AbstractTestNGSpringContextTests.run(AbstractTestNGSpringContextTests.java:154)
	at org.testng.internal.MethodInvocationHelper.invokeHookable(MethodInvocationHelper.java:221)
	at org.testng.internal.Invoker.invokeMethod(Invoker.java:657)
	at org.testng.internal.Invoker.invokeTestMethod(Invoker.java:869)
	at org.testng.internal.Invoker.invokeTestMethods(Invoker.java:1193)
	at org.testng.internal.TestMethodWorker.invokeTestMethods(TestMethodWorker.java:126)
	at org.testng.internal.TestMethodWorker.run(TestMethodWorker.java:109)
	at org.testng.TestRunner.privateRun(TestRunner.java:744)
	at org.testng.TestRunner.run(TestRunner.java:602)
	at org.testng.SuiteRunner.runTest(SuiteRunner.java:380)
	at org.testng.SuiteRunner.runSequentially(SuiteRunner.java:375)
	at org.testng.SuiteRunner.privateRun(SuiteRunner.java:340)
	at org.testng.SuiteRunner.run(SuiteRunner.java:289)
	at org.testng.SuiteRunnerWorker.runSuite(SuiteRunnerWorker.java:52)
	at org.testng.SuiteRunnerWorker.run(SuiteRunnerWorker.java:86)
	at org.testng.TestNG.runSuitesSequentially(TestNG.java:1301)
	at org.testng.TestNG.runSuitesLocally(TestNG.java:1226)
	at org.testng.TestNG.runSuites(TestNG.java:1144)
	at org.testng.TestNG.run(TestNG.java:1115)
	at io.mosip.testrig.apirig.testrunner.MosipTestRunner.startTestRunner(MosipTestRunner.java:145)
	at io.mosip.testrig.apirig.testrunner.MosipTestRunner.main(MosipTestRunner.java:89)
]]>
    </error>
  </testcase> <!-- Prereg_GetApplicationStatusWithPrId_Blank_PRID_sid -->
  <testcase classname="io.mosip.testrig.apirig.testscripts.GetWithParam" name="Prereg_GetAllApplications_All_Valid_Smoke_sid" time="0.982"/>
  <testcase classname="io.mosip.testrig.apirig.testscripts.GetWithParam" name="Prereg_GetAllApplicationsWithapplicationId_with_invalid_applicationId" time="0.385"/>
  <testcase classname="io.mosip.testrig.apirig.testscripts.GetWithParam" name="Prereg_GetApplicationStatusWithPrId_inValid_PRID_sid" time="0.461"/>
  <testcase classname="io.mosip.testrig.apirig.testscripts.GetWithParam" name="Prereg_GetAllApplications_InValid_Type" time="0.360"/>
  <testcase classname="io.mosip.testrig.apirig.testscripts.GetWithParam" name="Prereg_GetSpecificDocumentforaPRID_inValid_preRegistrationId_sid" time="0.369"/>
  <testcase classname="io.mosip.testrig.apirig.testscripts.GetWithParam" name="Prereg_GetAllApplicationsWithapplicationId_All_Valid_Smoke_sid" time="0.381"/>
  <testcase classname="io.mosip.testrig.apirig.testscripts.GetWithParam" name="Prereg_GetAllDocForPrId_All_Valid_Smoke_sid" time="0.578"/>
  <testcase classname="io.mosip.testrig.apirig.testscripts.GetWithParam" name="Prereg_GetSpecificDocumentforaPRID_inValid_documentId_sid" time="0.488"/>
  <testcase classname="io.mosip.testrig.apirig.testscripts.GetWithParam" name="Prereg_GetPreRegInfoByPrid_inValid_preRegistrationId" time="0.370"/>
  <testcase classname="io.mosip.testrig.apirig.testscripts.GetWithParam" name="Prereg_GetAllApplications_Valid_Type_Smoke_sid" time="0.658"/>
  <testcase classname="io.mosip.testrig.apirig.testscripts.GetWithParam" name="Prereg_FetchApplicationByPrid_inValid_preRegistrationId_sid" time="0.423"/>
  <testcase classname="io.mosip.testrig.apirig.testscripts.GetWithParam" name="Prereg_FetchApplicationByPrid_All_Valid_Smoke_sid" time="0.524"/>
  <testcase classname="io.mosip.testrig.apirig.testscripts.GetWithParam" name="Prereg_GetBookingsForRegCenter_with_InValid_date_format" time="0.342">
    <error message="Failed at output validation" type="io.mosip.testrig.apirig.utils.AdminTestException">
      <![CDATA[io.mosip.testrig.apirig.utils.AdminTestException: Failed at output validation
	at io.mosip.testrig.apirig.testscripts.GetWithParam.test(GetWithParam.java:122)
	at java.base/jdk.internal.reflect.DirectMethodHandleAccessor.invoke(DirectMethodHandleAccessor.java:103)
	at java.base/java.lang.reflect.Method.invoke(Method.java:580)
	at org.testng.internal.MethodInvocationHelper.invokeMethod(MethodInvocationHelper.java:108)
	at org.testng.internal.MethodInvocationHelper$1.runTestMethod(MethodInvocationHelper.java:209)
	at org.springframework.test.context.testng.AbstractTestNGSpringContextTests.run(AbstractTestNGSpringContextTests.java:154)
	at org.testng.internal.MethodInvocationHelper.invokeHookable(MethodInvocationHelper.java:221)
	at org.testng.internal.Invoker.invokeMethod(Invoker.java:657)
	at org.testng.internal.Invoker.invokeTestMethod(Invoker.java:869)
	at org.testng.internal.Invoker.invokeTestMethods(Invoker.java:1193)
	at org.testng.internal.TestMethodWorker.invokeTestMethods(TestMethodWorker.java:126)
	at org.testng.internal.TestMethodWorker.run(TestMethodWorker.java:109)
	at org.testng.TestRunner.privateRun(TestRunner.java:744)
	at org.testng.TestRunner.run(TestRunner.java:602)
	at org.testng.SuiteRunner.runTest(SuiteRunner.java:380)
	at org.testng.SuiteRunner.runSequentially(SuiteRunner.java:375)
	at org.testng.SuiteRunner.privateRun(SuiteRunner.java:340)
	at org.testng.SuiteRunner.run(SuiteRunner.java:289)
	at org.testng.SuiteRunnerWorker.runSuite(SuiteRunnerWorker.java:52)
	at org.testng.SuiteRunnerWorker.run(SuiteRunnerWorker.java:86)
	at org.testng.TestNG.runSuitesSequentially(TestNG.java:1301)
	at org.testng.TestNG.runSuitesLocally(TestNG.java:1226)
	at org.testng.TestNG.runSuites(TestNG.java:1144)
	at org.testng.TestNG.run(TestNG.java:1115)
	at io.mosip.testrig.apirig.testrunner.MosipTestRunner.startTestRunner(MosipTestRunner.java:145)
	at io.mosip.testrig.apirig.testrunner.MosipTestRunner.main(MosipTestRunner.java:89)
]]>
    </error>
  </testcase> <!-- Prereg_GetBookingsForRegCenter_with_InValid_date_format -->
  <testcase classname="io.mosip.testrig.apirig.testscripts.GetWithParam" name="Prereg_GetPreRegInfoByPrid_Valid_preRegistrationId" time="0.889"/>
  <testcase classname="io.mosip.testrig.apirig.testscripts.GetWithParam" name="Prereg_FetchAppointmentDetailsByPrid_All_Valid_Smoke_sid" time="0.377"/>
  <testcase classname="io.mosip.testrig.apirig.testscripts.GetWithParam" name="Prereg_GetBookingsForRegCenter_All_Valid_Smoke_sid" time="0.363">
    <error message="Failed at output validation" type="io.mosip.testrig.apirig.utils.AdminTestException">
      <![CDATA[io.mosip.testrig.apirig.utils.AdminTestException: Failed at output validation
	at io.mosip.testrig.apirig.testscripts.GetWithParam.test(GetWithParam.java:122)
	at java.base/jdk.internal.reflect.DirectMethodHandleAccessor.invoke(DirectMethodHandleAccessor.java:103)
	at java.base/java.lang.reflect.Method.invoke(Method.java:580)
	at org.testng.internal.MethodInvocationHelper.invokeMethod(MethodInvocationHelper.java:108)
	at org.testng.internal.MethodInvocationHelper$1.runTestMethod(MethodInvocationHelper.java:209)
	at org.springframework.test.context.testng.AbstractTestNGSpringContextTests.run(AbstractTestNGSpringContextTests.java:154)
	at org.testng.internal.MethodInvocationHelper.invokeHookable(MethodInvocationHelper.java:221)
	at org.testng.internal.Invoker.invokeMethod(Invoker.java:657)
	at org.testng.internal.Invoker.invokeTestMethod(Invoker.java:869)
	at org.testng.internal.Invoker.invokeTestMethods(Invoker.java:1193)
	at org.testng.internal.TestMethodWorker.invokeTestMethods(TestMethodWorker.java:126)
	at org.testng.internal.TestMethodWorker.run(TestMethodWorker.java:109)
	at org.testng.TestRunner.privateRun(TestRunner.java:744)
	at org.testng.TestRunner.run(TestRunner.java:602)
	at org.testng.SuiteRunner.runTest(SuiteRunner.java:380)
	at org.testng.SuiteRunner.runSequentially(SuiteRunner.java:375)
	at org.testng.SuiteRunner.privateRun(SuiteRunner.java:340)
	at org.testng.SuiteRunner.run(SuiteRunner.java:289)
	at org.testng.SuiteRunnerWorker.runSuite(SuiteRunnerWorker.java:52)
	at org.testng.SuiteRunnerWorker.run(SuiteRunnerWorker.java:86)
	at org.testng.TestNG.runSuitesSequentially(TestNG.java:1301)
	at org.testng.TestNG.runSuitesLocally(TestNG.java:1226)
	at org.testng.TestNG.runSuites(TestNG.java:1144)
	at org.testng.TestNG.run(TestNG.java:1115)
	at io.mosip.testrig.apirig.testrunner.MosipTestRunner.startTestRunner(MosipTestRunner.java:145)
	at io.mosip.testrig.apirig.testrunner.MosipTestRunner.main(MosipTestRunner.java:89)
]]>
    </error>
  </testcase> <!-- Prereg_GetBookingsForRegCenter_All_Valid_Smoke_sid -->
  <testcase classname="io.mosip.testrig.apirig.testscripts.GetWithParam" name="Prereg_GetPRIDForRegCent_inValid_registrationCenterId_sid" time="0.360"/>
  <testcase classname="io.mosip.testrig.apirig.testscripts.GetWithParam" name="Prereg_GetAvailableSlotForRegCentreId_All_Valid_Smoke_sid" time="0.496"/>
  <testcase classname="io.mosip.testrig.apirig.testscripts.GetWithParam" name="Prereg_GetAllDocForPrId_inValid_preRegistrationId_sid" time="0.368"/>
  <testcase classname="io.mosip.testrig.apirig.testscripts.GetWithParam" name="Prereg_GetBookingsForRegCenter_with_InValid_regcenter_invalidDate" time="0.345">
    <error message="Failed at output validation" type="io.mosip.testrig.apirig.utils.AdminTestException">
      <![CDATA[io.mosip.testrig.apirig.utils.AdminTestException: Failed at output validation
	at io.mosip.testrig.apirig.testscripts.GetWithParam.test(GetWithParam.java:122)
	at java.base/jdk.internal.reflect.DirectMethodHandleAccessor.invoke(DirectMethodHandleAccessor.java:103)
	at java.base/java.lang.reflect.Method.invoke(Method.java:580)
	at org.testng.internal.MethodInvocationHelper.invokeMethod(MethodInvocationHelper.java:108)
	at org.testng.internal.MethodInvocationHelper$1.runTestMethod(MethodInvocationHelper.java:209)
	at org.springframework.test.context.testng.AbstractTestNGSpringContextTests.run(AbstractTestNGSpringContextTests.java:154)
	at org.testng.internal.MethodInvocationHelper.invokeHookable(MethodInvocationHelper.java:221)
	at org.testng.internal.Invoker.invokeMethod(Invoker.java:657)
	at org.testng.internal.Invoker.invokeTestMethod(Invoker.java:869)
	at org.testng.internal.Invoker.invokeTestMethods(Invoker.java:1193)
	at org.testng.internal.TestMethodWorker.invokeTestMethods(TestMethodWorker.java:126)
	at org.testng.internal.TestMethodWorker.run(TestMethodWorker.java:109)
	at org.testng.TestRunner.privateRun(TestRunner.java:744)
	at org.testng.TestRunner.run(TestRunner.java:602)
	at org.testng.SuiteRunner.runTest(SuiteRunner.java:380)
	at org.testng.SuiteRunner.runSequentially(SuiteRunner.java:375)
	at org.testng.SuiteRunner.privateRun(SuiteRunner.java:340)
	at org.testng.SuiteRunner.run(SuiteRunner.java:289)
	at org.testng.SuiteRunnerWorker.runSuite(SuiteRunnerWorker.java:52)
	at org.testng.SuiteRunnerWorker.run(SuiteRunnerWorker.java:86)
	at org.testng.TestNG.runSuitesSequentially(TestNG.java:1301)
	at org.testng.TestNG.runSuitesLocally(TestNG.java:1226)
	at org.testng.TestNG.runSuites(TestNG.java:1144)
	at org.testng.TestNG.run(TestNG.java:1115)
	at io.mosip.testrig.apirig.testrunner.MosipTestRunner.startTestRunner(MosipTestRunner.java:145)
	at io.mosip.testrig.apirig.testrunner.MosipTestRunner.main(MosipTestRunner.java:89)
]]>
    </error>
  </testcase> <!-- Prereg_GetBookingsForRegCenter_with_InValid_regcenter_invalidDate -->
</testsuite> <!-- io.mosip.testrig.apirig.testscripts.GetWithParam -->
