<?xml version="1.0" encoding="UTF-8"?>
<!-- Generated by org.testng.reporters.JUnitReportReporter -->
<testsuite hostname="Techno-311" failures="0" tests="50" name="io.mosip.testrig.apirig.testscripts.SimplePost" time="214.237" errors="1" timestamp="18 Sept 2024 13:33:15 GMT" skipped="0">
  <testcase classname="io.mosip.testrig.apirig.testscripts.SimplePost" name="Prereg_GetPRIDByDateRange_missing_version" time="0.378"/>
  <testcase classname="io.mosip.testrig.apirig.testscripts.SimplePost" name="Prereg_SendOtp_Missing_email_Neg" time="0.377"/>
  <testcase classname="io.mosip.testrig.apirig.testscripts.SimplePost" name="Prereg_SendOtp_MISSING_Phone_Neg" time="0.377"/>
  <testcase classname="io.mosip.testrig.apirig.testscripts.SimplePost" name="Prereg_GetPRIDByDateRange_invalid_version" time="0.376"/>
  <testcase classname="io.mosip.testrig.apirig.testscripts.SimplePost" name="Prereg_ValidateOtp_All_Valid_Smoke_email_sid" time="0.400"/>
  <testcase classname="io.mosip.testrig.apirig.testscripts.SimplePost" name="Prereg_GetPRIDByDateRange_inValid_id" time="0.386"/>
  <testcase classname="io.mosip.testrig.apirig.testscripts.SimplePost" name="Prereg_AddUpdateRegistration_All_Valid_Smoke_sid" time="3.100"/>
  <testcase classname="io.mosip.testrig.apirig.testscripts.SimplePost" name="Prereg_GetPRIDByDateRange_missing_id" time="0.380"/>
  <testcase classname="io.mosip.testrig.apirig.testscripts.SimplePost" name="Prereg_AddLostUinApplication_invalid_lang_code" time="0.409"/>
  <testcase classname="io.mosip.testrig.apirig.testscripts.SimplePost" name="Prereg_SendOtp_Invalid_Phone_Neg" time="0.361"/>
  <testcase classname="io.mosip.testrig.apirig.testscripts.SimplePost" name="Prereg_Transliteration_inValid_tofieldlang" time="0.355"/>
  <testcase classname="io.mosip.testrig.apirig.testscripts.SimplePost" name="Prereg_AddLostUinApplication_inValid_langcode" time="0.376"/>
  <testcase classname="io.mosip.testrig.apirig.testscripts.SimplePost" name="Prereg_AddLostUinApplication_without_version_attribute" time="2.189"/>
  <testcase classname="io.mosip.testrig.apirig.testscripts.SimplePost" name="Prereg_GetPRIDByDateRange_blank_id" time="0.369"/>
  <testcase classname="io.mosip.testrig.apirig.testscripts.SimplePost" name="Prereg_AddLostUinApplication_Valid_Smoke_sid" time="2.427"/>
  <testcase classname="io.mosip.testrig.apirig.testscripts.SimplePost" name="Prereg_AddLostUinApplication_All_Valid_Smoke_sid" time="2.455"/>
  <testcase classname="io.mosip.testrig.apirig.testscripts.SimplePost" name="Prereg_GetPRIDByDateRange_All_Valid_Smoke_sid" time="0.860">
    <error message="Response has errors" type="io.mosip.testrig.apirig.utils.AdminTestException">
      <![CDATA[io.mosip.testrig.apirig.utils.AdminTestException: Response has errors
	at io.mosip.testrig.apirig.utils.OutputValidationUtil.doJsonOutputValidation(OutputValidationUtil.java:523)
	at io.mosip.testrig.apirig.utils.OutputValidationUtil.doJsonOutputValidation(OutputValidationUtil.java:512)
	at io.mosip.testrig.apirig.testscripts.SimplePost.test(SimplePost.java:116)
	at java.base/jdk.internal.reflect.DirectMethodHandleAccessor.invoke(DirectMethodHandleAccessor.java:103)
	at java.base/java.lang.reflect.Method.invoke(Method.java:580)
	at org.testng.internal.MethodInvocationHelper.invokeMethod(MethodInvocationHelper.java:108)
	at org.testng.internal.MethodInvocationHelper$1.runTestMethod(MethodInvocationHelper.java:209)
	at org.springframework.test.context.testng.AbstractTestNGSpringContextTests.run(AbstractTestNGSpringContextTests.java:154)
	at org.testng.internal.MethodInvocationHelper.invokeHookable(MethodInvocationHelper.java:221)
	at org.testng.internal.Invoker.invokeMethod(Invoker.java:657)
	at org.testng.internal.Invoker.invokeTestMethod(Invoker.java:869)
	at org.testng.internal.Invoker.invokeTestMethods(Invoker.java:1193)
	at org.testng.internal.TestMethodWorker.invokeTestMethods(TestMethodWorker.java:126)
	at org.testng.internal.TestMethodWorker.run(TestMethodWorker.java:109)
	at org.testng.TestRunner.privateRun(TestRunner.java:744)
	at org.testng.TestRunner.run(TestRunner.java:602)
	at org.testng.SuiteRunner.runTest(SuiteRunner.java:380)
	at org.testng.SuiteRunner.runSequentially(SuiteRunner.java:375)
	at org.testng.SuiteRunner.privateRun(SuiteRunner.java:340)
	at org.testng.SuiteRunner.run(SuiteRunner.java:289)
	at org.testng.SuiteRunnerWorker.runSuite(SuiteRunnerWorker.java:52)
	at org.testng.SuiteRunnerWorker.run(SuiteRunnerWorker.java:86)
	at org.testng.TestNG.runSuitesSequentially(TestNG.java:1301)
	at org.testng.TestNG.runSuitesLocally(TestNG.java:1226)
	at org.testng.TestNG.runSuites(TestNG.java:1144)
	at org.testng.TestNG.run(TestNG.java:1115)
	at io.mosip.testrig.apirig.testrunner.MosipTestRunner.startTestRunner(MosipTestRunner.java:145)
	at io.mosip.testrig.apirig.testrunner.MosipTestRunner.main(MosipTestRunner.java:89)
]]>
    </error>
  </testcase> <!-- Prereg_GetPRIDByDateRange_All_Valid_Smoke_sid -->
  <testcase classname="io.mosip.testrig.apirig.testscripts.SimplePost" name="Prereg_GetPRIDByDateRange_missing_requesttime" time="0.382"/>
  <testcase classname="io.mosip.testrig.apirig.testscripts.SimplePost" name="Prereg_GetPRIDByDateRange_blank_toDate" time="0.412"/>
  <testcase classname="io.mosip.testrig.apirig.testscripts.SimplePost" name="Prereg_GetPRIDByDateRange_Invalid_toDate" time="0.410"/>
  <testcase classname="io.mosip.testrig.apirig.testscripts.SimplePost" name="Prereg_ValidateOtp_Invalid_Email_Neg_INVALIDOTP" time="0.445"/>
  <testcase classname="io.mosip.testrig.apirig.testscripts.SimplePost" name="Prereg_GetUpdatedDateTimeByPrid_InValid_ID" time="0.358"/>
  <testcase classname="io.mosip.testrig.apirig.testscripts.SimplePost" name="Prereg_GetPRIDByDateRange_missing_registrationCenterId" time="0.373"/>
  <testcase classname="io.mosip.testrig.apirig.testscripts.SimplePost" name="Prereg_GetPRIDByDateRange_Invalid_registrationCenterId" time="0.466"/>
  <testcase classname="io.mosip.testrig.apirig.testscripts.SimplePost" name="Prereg_GetPRIDByDateRange_Invalid_fromDate" time="0.379"/>
  <testcase classname="io.mosip.testrig.apirig.testscripts.SimplePost" name="Prereg_AddLostUinApplication_with_INVALID_version" time="2.172"/>
  <testcase classname="io.mosip.testrig.apirig.testscripts.SimplePost" name="Prereg_SendOtp_All_Valid_Smoke_email_sid" time="0.438"/>
  <testcase classname="io.mosip.testrig.apirig.testscripts.SimplePost" name="Prereg_SendOtp_Invalid__email_Neg" time="0.378"/>
  <testcase classname="io.mosip.testrig.apirig.testscripts.SimplePost" name="Prereg_ValidateOtp_SpacialCharacters_Email_Neg_INVALIDOTP" time="0.407"/>
  <testcase classname="io.mosip.testrig.apirig.testscripts.SimplePost" name="Prereg_GetPRIDByDateRange_blank_requesttime" time="0.378"/>
  <testcase classname="io.mosip.testrig.apirig.testscripts.SimplePost" name="Prereg_SendOtp_SpacialCharacter_Val_Phone_Neg" time="0.359"/>
  <testcase classname="io.mosip.testrig.apirig.testscripts.SimplePost" name="Prereg_ValidateOtp_SpacialCharacters_Phone_Neg_INVALIDOTP" time="0.375"/>
  <testcase classname="io.mosip.testrig.apirig.testscripts.SimplePost" name="Prereg_InvalidateToken_All_Valid_Smoke_sid" time="0.398"/>
  <testcase classname="io.mosip.testrig.apirig.testscripts.SimplePost" name="Prereg_Transliteration_inValid_fromfieldlang" time="0.368"/>
  <testcase classname="io.mosip.testrig.apirig.testscripts.SimplePost" name="Prereg_AddLostUinApplication_without_any_data" time="0.360"/>
  <testcase classname="io.mosip.testrig.apirig.testscripts.SimplePost" name="Prereg_GetPRIDByDateRange_missing_toDate" time="0.395"/>
  <testcase classname="io.mosip.testrig.apirig.testscripts.SimplePost" name="Prereg_Transliteration_All_Valid_Smoke_sid" time="0.367"/>
  <testcase classname="io.mosip.testrig.apirig.testscripts.SimplePost" name="Prereg_GetUpdatedDateTimeByPrid_All_Valid_Smoke_sid" time="0.377"/>
  <testcase classname="io.mosip.testrig.apirig.testscripts.SimplePost" name="Prereg_SendOtp_All_Valid_Smoke_Phone_sid" time="0.439"/>
  <testcase classname="io.mosip.testrig.apirig.testscripts.SimplePost" name="Prereg_SendOtp_SpacialCharacter_email_Neg" time="0.375"/>
  <testcase classname="io.mosip.testrig.apirig.testscripts.SimplePost" name="Prereg_ValidateOtp_All_Valid_Smoke_Phone_sid" time="180.736"/>
  <testcase classname="io.mosip.testrig.apirig.testscripts.SimplePost" name="Prereg_AddLostUinApplication_without_version" time="2.289"/>
  <testcase classname="io.mosip.testrig.apirig.testscripts.SimplePost" name="Prereg_AddLostUinApplication_Invalid_id" time="2.208"/>
  <testcase classname="io.mosip.testrig.apirig.testscripts.SimplePost" name="Prereg_GetPRIDByDateRange_missing_fromDate" time="0.376"/>
  <testcase classname="io.mosip.testrig.apirig.testscripts.SimplePost" name="Prereg_GetPRIDByDateRange_Invalid_requesttime" time="0.372"/>
  <testcase classname="io.mosip.testrig.apirig.testscripts.SimplePost" name="Prereg_GetPRIDByDateRange_blank_registrationCenterId" time="0.370"/>
  <testcase classname="io.mosip.testrig.apirig.testscripts.SimplePost" name="Prereg_ValidateOtp_Invalid_Phone_Neg_INVALIDOTP" time="0.376"/>
  <testcase classname="io.mosip.testrig.apirig.testscripts.SimplePost" name="Prereg_GetPRIDByDateRange_blank_fromDate" time="0.374"/>
  <testcase classname="io.mosip.testrig.apirig.testscripts.SimplePost" name="Prereg_AddUpdateRegistration_inValid_langcode" time="0.372"/>
  <testcase classname="io.mosip.testrig.apirig.testscripts.SimplePost" name="Prereg_GetPRIDByDateRange_blank_version" time="0.378"/>
</testsuite> <!-- io.mosip.testrig.apirig.testscripts.SimplePost -->
