<?xml version="1.0" encoding="UTF-8"?>
<!-- Generated by org.testng.reporters.JUnitReportReporter -->
<testsuite hostname="Techno-311" failures="0" tests="28" name="io.mosip.testrig.apirig.testscripts.CreatePreReg" time="21.326" errors="0" timestamp="18 Sept 2024 13:33:15 GMT" skipped="0">
  <testcase classname="io.mosip.testrig.apirig.testscripts.CreatePreReg" name="Prereg_CreatePrereg_blank_id_sid" time="0.441"/>
  <testcase classname="io.mosip.testrig.apirig.testscripts.CreatePreReg" name="Prereg_CreatePrereg_in_Valid_id_sid" time="0.438"/>
  <testcase classname="io.mosip.testrig.apirig.testscripts.CreatePreReg" name="Prereg_CreatePrereg_Smoke_CancellAppointment_sid" time="0.695"/>
  <testcase classname="io.mosip.testrig.apirig.testscripts.CreatePreReg" name="Prereg_CreatePrereg_invalid_langCode_sid" time="0.580"/>
  <testcase classname="io.mosip.testrig.apirig.testscripts.CreatePreReg" name="Prereg_CreatePrereg_Smoke_CancelApplicationsAppointment_sid" time="1.107"/>
  <testcase classname="io.mosip.testrig.apirig.testscripts.CreatePreReg" name="Prereg_CreatePrereg_missing_requesttime_sid" time="0.409"/>
  <testcase classname="io.mosip.testrig.apirig.testscripts.CreatePreReg" name="Prereg_CreatePrereg_with_future_date" time="0.666"/>
  <testcase classname="io.mosip.testrig.apirig.testscripts.CreatePreReg" name="Prereg_CreatePrereg_missing_version_sid" time="0.417"/>
  <testcase classname="io.mosip.testrig.apirig.testscripts.CreatePreReg" name="Prereg_CreatePrereg_missing_id_sid" time="0.470"/>
  <testcase classname="io.mosip.testrig.apirig.testscripts.CreatePreReg" name="Prereg_CreatePrereg_All_Valid_Smoke_sid" time="5.366"/>
  <testcase classname="io.mosip.testrig.apirig.testscripts.CreatePreReg" name="Prereg_CreatePrereg_cancell_incomplete_prid_sid" time="0.624"/>
  <testcase classname="io.mosip.testrig.apirig.testscripts.CreatePreReg" name="Prereg_CreatePrereg_cancell_pending_appoinment_prid_sid" time="0.576"/>
  <testcase classname="io.mosip.testrig.apirig.testscripts.CreatePreReg" name="Prereg_CreatePrereg_previous_date_sid" time="0.403"/>
  <testcase classname="io.mosip.testrig.apirig.testscripts.CreatePreReg" name="Prereg_CreatePrereg_invalid_email_sid" time="0.791"/>
  <testcase classname="io.mosip.testrig.apirig.testscripts.CreatePreReg" name="Prereg_CreatePrereg_with_special_characters_date" time="0.538"/>
  <testcase classname="io.mosip.testrig.apirig.testscripts.CreatePreReg" name="Prereg_CreatePrereg_Valid_Smoke_sid" time="0.681"/>
  <testcase classname="io.mosip.testrig.apirig.testscripts.CreatePreReg" name="Prereg_CreatePrereg_invalid_requesttime_format_sid" time="0.404"/>
  <testcase classname="io.mosip.testrig.apirig.testscripts.CreatePreReg" name="Prereg_CreatePrereg_book_appoinment_without_update_prereg_status_sid" time="0.637"/>
  <testcase classname="io.mosip.testrig.apirig.testscripts.CreatePreReg" name="Prereg_CreatePrereg_Smoke_alldel_sid" time="0.659"/>
  <testcase classname="io.mosip.testrig.apirig.testscripts.CreatePreReg" name="Prereg_CreatePrereg_All_Valid_Smoke_BookByPRID_sid" time="0.681"/>
  <testcase classname="io.mosip.testrig.apirig.testscripts.CreatePreReg" name="Prereg_CreatePrereg_missing_langCode_sid" time="0.625"/>
  <testcase classname="io.mosip.testrig.apirig.testscripts.CreatePreReg" name="Prereg_CreatePrereg_All_Valid_Smoke_date_verification_sid" time="0.645"/>
  <testcase classname="io.mosip.testrig.apirig.testscripts.CreatePreReg" name="Prereg_CreatePrereg_invalid_version_sid" time="0.401"/>
  <testcase classname="io.mosip.testrig.apirig.testscripts.CreatePreReg" name="Prereg_CreatePrereg_All_Valid_Smoke_for_expiry_sid" time="0.670"/>
  <testcase classname="io.mosip.testrig.apirig.testscripts.CreatePreReg" name="Prereg_CreatePrereg_Invalid_PostalCode_Neg" time="0.595"/>
  <testcase classname="io.mosip.testrig.apirig.testscripts.CreatePreReg" name="Prereg_CreatePrereg_Invalid_OTP_Neg_StatusCode" time="0.396"/>
  <testcase classname="io.mosip.testrig.apirig.testscripts.CreatePreReg" name="Prereg_CreatePrereg_All_Valid_Smoke_UpdateDocRefID_sid" time="0.820"/>
  <testcase classname="io.mosip.testrig.apirig.testscripts.CreatePreReg" name="Prereg_CreatePrereg_SpacialCharacter_PostalCode_Neg" time="0.591"/>
</testsuite> <!-- io.mosip.testrig.apirig.testscripts.CreatePreReg -->
